"../../../Engine/Content/EngineMeshes/Humanoid.uasset" 0
"../../../../BlackTurkey/Content/Blueprint/Celine/Character_01_Skeleton.uasset" 1
"../../../../BlackTurkey/Content/PullBackward_100.uasset" 2
"../../../../BlackTurkey/Content/PullBackward_300.uasset" 3
"../../../../BlackTurkey/Content/PullBackward_50.uasset" 4
"../../../../BlackTurkey/Content/PullBackwardLeft_100.uasset" 5
"../../../../BlackTurkey/Content/PullBackwardLeft_50.uasset" 6
"../../../../BlackTurkey/Content/PullBackwardRight_100.uasset" 7
"../../../../BlackTurkey/Content/PullBackwardRight_50.uasset" 8
"../../../../BlackTurkey/Content/PushForward_100.uasset" 9
"../../../../BlackTurkey/Content/PushForward_300.uasset" 10
"../../../../BlackTurkey/Content/PushForward_50.uasset" 11
"../../../../BlackTurkey/Content/PushForwardLeft_100.uasset" 12
"../../../../BlackTurkey/Content/PushForwardLeft_50.uasset" 13
"../../../../BlackTurkey/Content/PushForwardRight_100.uasset" 14
"../../../../BlackTurkey/Content/PushForwardRight_50.uasset" 15
"../../../../BlackTurkey/Content/PushIdle_001.uasset" 16
"../../../../BlackTurkey/Content/PushLeft_100.uasset" 17
"../../../../BlackTurkey/Content/PushLeft_300.uasset" 18
"../../../../BlackTurkey/Content/PushLeft_50.uasset" 19
"../../../../BlackTurkey/Content/PushRight_100.uasset" 20
"../../../../BlackTurkey/Content/PushRight_300.uasset" 21
"../../../../BlackTurkey/Content/PushRight_50.uasset" 22
"../../../../BlackTurkey/Content/BS_PushMovement.uasset" 23
"../../../../BlackTurkey/Content/PushIdle_002.uasset" 24
"../../../../BlackTurkey/Content/PushIdle_003.uasset" 25
"../../../../BlackTurkey/Content/ThirdPersonIdle.uasset" 26
"../../../../BlackTurkey/Content/ThirdPersonRun.uasset" 27
"../../../../BlackTurkey/Content/ThirdPersonWalk.uasset" 28
"../../../../BlackTurkey/Content/ThirdPersonIdleRun.uasset" 29
"../../../../BlackTurkey/Content/ThirdPersonJump_End.uasset" 30
"../../../../BlackTurkey/Content/ThirdPersonJump_Loop.uasset" 31
"../../../../BlackTurkey/Content/ThirdPersonJump_Start.uasset" 32
"../../../../BlackTurkey/Content/Blueprint/AiBoss/DindeController.uasset" 33
"../../../Engine/Content/EditorBlueprintResources/StandardMacros.uasset" 34
"../../../Engine/Content/BasicShapes/BasicShapeMaterial.uasset" 35
"../../../Engine/Content/EngineMaterials/DefaultDiffuse.uasset" 36
"../../../Engine/Content/Functions/Engine_MaterialFunctions03/Texturing/SubUV_Function.uasset" 37
"../../../../BlackTurkey/Content/Assets/Rocks/Textures/Aset_rock_sandstone_L_qdtah_4K_Normal_LOD0.uasset" 38
"../../../../BlackTurkey/Content/Effects/Pisse/Splatters_T.uasset" 39
"../../../../BlackTurkey/Content/Effects/Glasses/M_Glasse_Decal.uasset" 40
"../../../Engine/Content/Functions/Engine_MaterialFunctions01/Opacity/CameraDepthFade.uasset" 41
"../../../Engine/Content/EngineMaterials/T_Default_Material_Grid_M.uasset" 42
"../../../Engine/Content/EngineMaterials/T_Default_Material_Grid_N.uasset" 43
"../../../Engine/Content/EngineMaterials/DefaultMaterial.uasset" 44
"../../../Engine/Content/BasicShapes/Sphere.uasset" 45
"../../../../BlackTurkey/Content/Assets/Mesh/Plate/PlatoMat.uasset" 46
"../../../../BlackTurkey/Content/Assets/Mesh/Plate/Plato.uasset" 47
"../../../../BlackTurkey/Content/Effects/Pisse/M_Blood.uasset" 48
"../../../../BlackTurkey/Content/Effects/Pisse/Ps_pisse_Hit.uasset" 49
"../../../../BlackTurkey/Content/Shit/TwinStick/Meshes/BaseMaterial.uasset" 50
"../../../../BlackTurkey/Content/Shit/TwinStick/Meshes/OrangeMaterial.uasset" 51
"../../../../BlackTurkey/Content/Shit/TwinStick/Meshes/TwinStickProjectile.uasset" 52
"../../../../BlackTurkey/Content/Blueprint/TwinStickProjectile.uasset" 53
"../../../../BlackTurkey/Content/Shit/StarterContent/Textures/T_ground_Moss_D.uasset" 54
"../../../../BlackTurkey/Content/Shit/StarterContent/Textures/T_Ground_Moss_N.uasset" 55
"../../../../BlackTurkey/Content/Shit/StarterContent/Textures/T_MacroVariation.uasset" 56
"../../../../BlackTurkey/Content/Shit/StarterContent/Textures/T_Perlin_Noise_M.uasset" 57
"../../../../BlackTurkey/Content/Shit/StarterContent/Materials/M_Ground_Moss.uasset" 58
"../../../Engine/Content/EngineMaterials/WorldGridMaterial.uasset" 59
"../../../Engine/Content/BasicShapes/Cube.uasset" 60
"../../../../BlackTurkey/Content/Blueprint/AiBoss/Mat_black.uasset" 61
"../../../../BlackTurkey/Content/Blueprint/AiBoss/DindeMesh.uasset" 62
"../../../../BlackTurkey/Content/UI/DindeWidget.uasset" 63
"../../../../BlackTurkey/Content/PushableActorProject/Character/Mesh/UE4_Mannequin_Skeleton.uasset" 64
"../../../../BlackTurkey/Content/PushableActorProject/Character/Animations/PushIdle_002.uasset" 65
"../../../../BlackTurkey/Content/PushableActorProject/Character/Animations/PushIdle_003.uasset" 66
"../../../../BlackTurkey/Content/PushableActorProject/Character/Animations/ThirdPersonJump_End.uasset" 67
"../../../../BlackTurkey/Content/PushableActorProject/Character/Animations/ThirdPersonJump_Loop.uasset" 68
"../../../../BlackTurkey/Content/PushableActorProject/Character/Animations/ThirdPersonJump_Start.uasset" 69
"../../../../BlackTurkey/Content/PushableActorProject/Character/Animations/PullBackward_100.uasset" 70
"../../../../BlackTurkey/Content/PushableActorProject/Character/Animations/PullBackward_300.uasset" 71
"../../../../BlackTurkey/Content/PushableActorProject/Character/Animations/PullBackward_50.uasset" 72
"../../../../BlackTurkey/Content/PushableActorProject/Character/Animations/PullBackwardLeft_100.uasset" 73
"../../../../BlackTurkey/Content/PushableActorProject/Character/Animations/PullBackwardLeft_50.uasset" 74
"../../../../BlackTurkey/Content/PushableActorProject/Character/Animations/PullBackwardRight_100.uasset" 75
"../../../../BlackTurkey/Content/PushableActorProject/Character/Animations/PullBackwardRight_50.uasset" 76
"../../../../BlackTurkey/Content/PushableActorProject/Character/Animations/PushForward_100.uasset" 77
"../../../../BlackTurkey/Content/PushableActorProject/Character/Animations/PushForward_300.uasset" 78
"../../../../BlackTurkey/Content/PushableActorProject/Character/Animations/PushForward_50.uasset" 79
"../../../../BlackTurkey/Content/PushableActorProject/Character/Animations/PushForwardLeft_100.uasset" 80
"../../../../BlackTurkey/Content/PushableActorProject/Character/Animations/PushForwardLeft_50.uasset" 81
"../../../../BlackTurkey/Content/PushableActorProject/Character/Animations/PushForwardRight_100.uasset" 82
"../../../../BlackTurkey/Content/PushableActorProject/Character/Animations/PushForwardRight_50.uasset" 83
"../../../../BlackTurkey/Content/PushableActorProject/Character/Animations/PushIdle_001.uasset" 84
"../../../../BlackTurkey/Content/PushableActorProject/Character/Animations/PushLeft_100.uasset" 85
"../../../../BlackTurkey/Content/PushableActorProject/Character/Animations/PushLeft_300.uasset" 86
"../../../../BlackTurkey/Content/PushableActorProject/Character/Animations/PushLeft_50.uasset" 87
"../../../../BlackTurkey/Content/PushableActorProject/Character/Animations/PushRight_100.uasset" 88
"../../../../BlackTurkey/Content/PushableActorProject/Character/Animations/PushRight_300.uasset" 89
"../../../../BlackTurkey/Content/PushableActorProject/Character/Animations/PushRight_50.uasset" 90
"../../../../BlackTurkey/Content/PushableActorProject/Character/Animations/BS_PushMovement.uasset" 91
"../../../../BlackTurkey/Content/PushableActorProject/Character/Animations/ThirdPersonIdle.uasset" 92
"../../../../BlackTurkey/Content/PushableActorProject/Character/Animations/ThirdPersonRun.uasset" 93
"../../../../BlackTurkey/Content/PushableActorProject/Character/Animations/ThirdPersonWalk.uasset" 94
"../../../../BlackTurkey/Content/PushableActorProject/Character/Animations/ThirdPersonIdleRun.uasset" 95
"../../../../BlackTurkey/Content/PushableActorProject/Blueprints/BasicPush/BP_PushCameraShake.uasset" 96
"../../../Engine/Content/EditorMaterials/TargetIcon.uasset" 97
"../../../../BlackTurkey/Content/PushableActorProject/Blueprints/BasicPush/BP_PushRotator.uasset" 98
"../../../../BlackTurkey/Content/PushableActorProject/Blueprints/BasicPush/Struct_PushOptions.uasset" 99
"../../../../BlackTurkey/Content/PushableActorProject/Blueprints/BasicPush/Audio/CUE_BoxLand_001.uasset" 100
"../../../../BlackTurkey/Content/PushableActorProject/Blueprints/BasicPush/Audio/SND_BoxScrape_001_Cue.uasset" 101
"../../../../BlackTurkey/Content/PushableActorProject/Blueprints/BasicPush/Material/M_Cube.uasset" 102
"../../../../BlackTurkey/Content/PushableActorProject/Blueprints/BasicPush/Mesh/SM_BaseCube.uasset" 103
"../../../../BlackTurkey/Content/PushableActorProject/Blueprints/BasicPush/BP_PushPawn.uasset" 104
"../../../../BlackTurkey/Content/PushableActorProject/Blueprints/BasicPush/Struct_PushActor.uasset" 105
"../../../../BlackTurkey/Content/PushableActorProject/Blueprints/BasicPush/BPI_PushActor.uasset" 106
"../../../../BlackTurkey/Content/PushableActorProject/Character/Animations/ABP_PushCharacter.uasset" 107
"../../../../BlackTurkey/Content/PushableActorProject/Blueprints/BasicPush/Texture/UI/T_PushKeyboard_E.uasset" 108
"../../../../BlackTurkey/Content/PushableActorProject/Blueprints/BasicPush/WBP_PushInteract.uasset" 109
"../../../Engine/Content/Functions/Engine_MaterialFunctions02/Utility/BlendAngleCorrectedNormals.uasset" 110
"../../../Engine/Content/Functions/MaterialLayerFunctions/MatLayerBlend_AO.uasset" 111
"../../../Engine/Content/Functions/MaterialLayerFunctions/MatLayerBlend_NormalBlend.uasset" 112
"../../../Engine/Content/Functions/MaterialLayerFunctions/MatLayerBlend_Simple.uasset" 113
"../../../../BlackTurkey/Content/PushableActorProject/Character/Materials/MaterialLayers/T_ML_Aluminum01.uasset" 114
"../../../../BlackTurkey/Content/PushableActorProject/Character/Materials/MaterialLayers/T_ML_Aluminum01_N.uasset" 115
"../../../../BlackTurkey/Content/PushableActorProject/Character/Materials/MaterialLayers/ML_GlossyBlack_Latex_UE4.uasset" 116
"../../../../BlackTurkey/Content/PushableActorProject/Character/Materials/MaterialLayers/ML_Plastic_Shiny_Beige.uasset" 117
"../../../../BlackTurkey/Content/PushableActorProject/Character/Textures/UE4_LOGO_CARD.uasset" 118
"../../../../BlackTurkey/Content/PushableActorProject/Character/Materials/MaterialLayers/ML_Plastic_Shiny_Beige_LOGO.uasset" 119
"../../../../BlackTurkey/Content/PushableActorProject/Character/Materials/MaterialLayers/T_ML_Rubber_Blue_01_N.uasset" 120
"../../../../BlackTurkey/Content/PushableActorProject/Character/Materials/MaterialLayers/ML_SoftMetal_UE4.uasset" 121
"../../../../BlackTurkey/Content/PushableActorProject/Character/Textures/UE4_Mannequin__normals.uasset" 122
"../../../../BlackTurkey/Content/PushableActorProject/Character/Textures/UE4_Mannequin_MAT_MASKA.uasset" 123
"../../../../BlackTurkey/Content/PushableActorProject/Character/Textures/UE4_Mannequin_occlusion.uasset" 124
"../../../../BlackTurkey/Content/PushableActorProject/Character/Materials/M_UE4Man_Body.uasset" 125
"../../../../BlackTurkey/Content/PushableActorProject/Character/Textures/UE4Man_Logo_N.uasset" 126
"../../../../BlackTurkey/Content/PushableActorProject/Character/Materials/M_UE4Man_ChestLogo.uasset" 127
"../../../../BlackTurkey/Content/PushableActorProject/Character/Mesh/SK_Mannequin_PhysicsAsset.uasset" 128
"../../../../BlackTurkey/Content/PushableActorProject/Character/Mesh/SK_Mannequin.uasset" 129
"../../../../BlackTurkey/Content/Shit/TwinStick/Audio/TwinStickFire.uasset" 130
"../../../../BlackTurkey/Content/Sound/Celine/Elle_a_urine_dessus.uasset" 131
"../../../../BlackTurkey/Content/Blueprint/PushCelineCharacterMesh.uasset" 132
"../../../../BlackTurkey/Content/Assets/Mesh/Chair/fabric.uasset" 133
"../../../../BlackTurkey/Content/Assets/Mesh/Chair/wood.uasset" 134
"../../../../BlackTurkey/Content/Assets/Mesh/Chair/mpm_vol_07_p24_24_Ligne_Roset_Citta_sofa.uasset" 135
"../../../../BlackTurkey/Content/Blueprint/BP_PushCaouchB_Child.uasset" 136
"../../../../BlackTurkey/Content/UI/PisseWidget.uasset" 137
"../../../../BlackTurkey/Content/Assets/Mesh/Chair/mpm_vol_07_p24_24_Ligne_Roset_Citta_armchair.uasset" 138
"../../../../BlackTurkey/Content/Blueprint/BP_LazyBPush_Child.uasset" 139
"../../../../BlackTurkey/Content/UI/PisseWidget2.uasset" 140
"../../../../BlackTurkey/Content/UI/Screen_Widget.uasset" 141
"../../../../BlackTurkey/Content/Blueprint/AiBoss/Ai_DindeNoire.uasset" 142
"../../../../BlackTurkey/Content/Effects/Pisse/M_Pisse_Decal.uasset" 143
"../../../../BlackTurkey/Content/Effects/Pisse/Ps_pisse_Flow.uasset" 144
"../../../../BlackTurkey/Content/Blueprint/AiBoss/ProjectilePisse.uasset" 145
"../../../../BlackTurkey/Content/Blueprint/AiBoss/Ai_DindeNoire_Backup.uasset" 146
"../../../../BlackTurkey/Content/Blueprint/AiBoss/Ai_Dinde/Ai_DindeNoire_Violent.uasset" 147
"../../../../BlackTurkey/Content/Blueprint/Celine/Skin_D.uasset" 148
"../../../../BlackTurkey/Content/Blueprint/Celine/Body.uasset" 149
"../../../../BlackTurkey/Content/Blueprint/Celine/Cornea_Outer.uasset" 150
"../../../../BlackTurkey/Content/Blueprint/Celine/zombie_diffuse.uasset" 151
"../../../../BlackTurkey/Content/Blueprint/Celine/zombie_normal.uasset" 152
"../../../../BlackTurkey/Content/Blueprint/Celine/zombie_specular.uasset" 153
"../../../../BlackTurkey/Content/Blueprint/Celine/Hairs.uasset" 154
"../../../../BlackTurkey/Content/Blueprint/Celine/HumanEye_01DarkBrownC.uasset" 155
"../../../../BlackTurkey/Content/Blueprint/Celine/HumanEyeR.uasset" 156
"../../../../BlackTurkey/Content/Blueprint/Celine/HumanEyeS.uasset" 157
"../../../../BlackTurkey/Content/Blueprint/Celine/Human_Eye_01DarkBrown_Eye01.uasset" 158
"../../../../BlackTurkey/Content/Blueprint/Celine/Human_Eye_01DarkBrown_Iris01.uasset" 159
"../../../../BlackTurkey/Content/Blueprint/Celine/Mouth.uasset" 160
"../../../../BlackTurkey/Content/Blueprint/Celine/Jasper_Shoes_Gloss.uasset" 161
"../../../../BlackTurkey/Content/Blueprint/Celine/Jasper_Shoes_Normal.uasset" 162
"../../../../BlackTurkey/Content/Blueprint/Celine/Jasper_Shoes_Specular.uasset" 163
"../../../../BlackTurkey/Content/Blueprint/Celine/Shoes.uasset" 164
"../../../../BlackTurkey/Content/Blueprint/Celine/Jasper_Bottom_Diffuse.uasset" 165
"../../../../BlackTurkey/Content/Blueprint/Celine/Jasper_Bottom_Gloss.uasset" 166
"../../../../BlackTurkey/Content/Blueprint/Celine/Jasper_Bottom_Normal.uasset" 167
"../../../../BlackTurkey/Content/Blueprint/Celine/Jasper_Bottom_Specular.uasset" 168
"../../../../BlackTurkey/Content/Blueprint/Celine/Shorts.uasset" 169
"../../../../BlackTurkey/Content/Blueprint/Celine/Teeth.uasset" 170
"../../../../BlackTurkey/Content/Blueprint/Celine/Jasper_Top_Diffuse.uasset" 171
"../../../../BlackTurkey/Content/Blueprint/Celine/Jasper_Top_Gloss.uasset" 172
"../../../../BlackTurkey/Content/Blueprint/Celine/Jasper_Top_Normal.uasset" 173
"../../../../BlackTurkey/Content/Blueprint/Celine/Jasper_Top_Specular.uasset" 174
"../../../../BlackTurkey/Content/Blueprint/Celine/Tops.uasset" 175
"../../../../BlackTurkey/Content/Blueprint/Celine/Character_01_PhysicsAsset.uasset" 176
"../../../../BlackTurkey/Content/Blueprint/Celine/Character_01.uasset" 177
"../../../../BlackTurkey/Content/Blueprint/Junk/PushCelineCharacter.uasset" 178
"../../../../BlackTurkey/Content/Mannequin/Character/Mesh/UE4_Mannequin_Skeleton.uasset" 179
"../../../../BlackTurkey/Content/Mannequin/Animations/ThirdPersonJump_End.uasset" 180
"../../../../BlackTurkey/Content/Map/Level1_BuiltData.uasset" 181
"../../../../BlackTurkey/Content/Map/Level1/Level1_BuiltData.uasset" 182
"../../../../BlackTurkey/Content/PushableActorProject/Blueprints/BasicPush/Audio/SND_BoxLand_001.uasset" 183
"../../../../BlackTurkey/Content/PushableActorProject/Blueprints/BasicPush/Audio/SND_BoxScrape_001.uasset" 184
"../../../../BlackTurkey/Content/PushableActorProject/Character/Mesh/NewPoseAsset.uasset" 185
"../../../../BlackTurkey/Content/Sequence/DindeWindowLevelSequence.uasset" 186
"../../../../BlackTurkey/Content/Sound/Celine/Jai_perdu_une_chaise_LazyBoy.uasset" 187
"../../../../BlackTurkey/Content/Sound/Celine/Je_pensais_que_j_etais_full_pine_assure.uasset" 188
"../../../../BlackTurkey/Content/Sound/Celine/J_ai_perdu_une_chaise_LazyBoy.uasset" 189
"../../../../BlackTurkey/Content/StarterContent/Materials/M_Basic_Wall.uasset" 190
"../../../../BlackTurkey/Content/StarterContent/Architecture/Pillar_50x500.uasset" 191
"../../../../BlackTurkey/Content/StarterContent/Architecture/Wall_400x300.uasset" 192
"../../../../BlackTurkey/Content/StarterContent/Architecture/Wall_400x400.uasset" 193
"../../../../BlackTurkey/Content/StarterContent/Architecture/Wall_500x500.uasset" 194
"../../../../BlackTurkey/Content/StarterContent/Architecture/Wall_Door_400x400.uasset" 195
"../../../../BlackTurkey/Content/StarterContent/Architecture/Wall_Window_400x400.uasset" 196
"../../../../BlackTurkey/Content/StarterContent/Audio/Collapse01.uasset" 197
"../../../../BlackTurkey/Content/StarterContent/Audio/Collapse02.uasset" 198
"../../../../BlackTurkey/Content/StarterContent/Audio/Explosion01.uasset" 199
"../../../../BlackTurkey/Content/StarterContent/Audio/Explosion02.uasset" 200
"../../../../BlackTurkey/Content/StarterContent/Audio/Fire01.uasset" 201
"../../../../BlackTurkey/Content/StarterContent/Audio/Fire_Sparks01.uasset" 202
"../../../../BlackTurkey/Content/StarterContent/Audio/Light01.uasset" 203
"../../../../BlackTurkey/Content/StarterContent/Audio/Light01_Cue.uasset" 204
"../../../../BlackTurkey/Content/StarterContent/Audio/Light02.uasset" 205
"../../../../BlackTurkey/Content/StarterContent/Audio/Light02_Cue.uasset" 206
"../../../../BlackTurkey/Content/StarterContent/Audio/Smoke01.uasset" 207
"../../../../BlackTurkey/Content/StarterContent/Audio/Starter_Birds01.uasset" 208
"../../../../BlackTurkey/Content/StarterContent/Audio/Starter_Music01.uasset" 209
"../../../../BlackTurkey/Content/StarterContent/Audio/Starter_Wind05.uasset" 210
"../../../../BlackTurkey/Content/StarterContent/Audio/Starter_Wind06.uasset" 211
"../../../../BlackTurkey/Content/StarterContent/Audio/Steam01.uasset" 212
"../../../../BlackTurkey/Content/StarterContent/Audio/Explosion_Cue.uasset" 213
"../../../../BlackTurkey/Content/StarterContent/Textures/T_Burst_M.uasset" 214
"../../../../BlackTurkey/Content/StarterContent/Particles/Materials/M_Burst.uasset" 215
"../../../../BlackTurkey/Content/StarterContent/Textures/T_Explosion_SubUV.uasset" 216
"../../../../BlackTurkey/Content/StarterContent/Particles/Materials/M_explosion_subUV.uasset" 217
"../../../../BlackTurkey/Content/StarterContent/Particles/Materials/m_flare_01.uasset" 218
"../../../Engine/Content/Functions/Engine_MaterialFunctions01/Gradient/RadialGradient.uasset" 219
"../../../../BlackTurkey/Content/StarterContent/Particles/Materials/M_radial_ramp.uasset" 220
"../../../../BlackTurkey/Content/StarterContent/Textures/T_Smoke_SubUV.uasset" 221
"../../../../BlackTurkey/Content/StarterContent/Textures/T_Smoke_Tiled_D.uasset" 222
"../../../../BlackTurkey/Content/StarterContent/Particles/Materials/M_smoke_subUV.uasset" 223
"../../../../BlackTurkey/Content/StarterContent/Particles/P_Explosion.uasset" 224
"../../../../BlackTurkey/Content/StarterContent/Blueprints/Blueprint_Effect_Explosion.uasset" 225
"../../../Engine/Content/EditorMeshes/ColorCalibrator/T_ColorGrid.uasset" 226
"../../../../BlackTurkey/Content/StarterContent/Materials/M_ColorGrid_LowSpec.uasset" 227
"../../../../BlackTurkey/Content/StarterContent/Textures/T_Bush_D.uasset" 228
"../../../../BlackTurkey/Content/StarterContent/Textures/T_Bush_N.uasset" 229
"../../../../BlackTurkey/Content/StarterContent/Props/Materials/M_Bush.uasset" 230
"../../../../BlackTurkey/Content/StarterContent/Props/SM_Bush.uasset" 231
"../../../../BlackTurkey/Content/StarterContent/Textures/T_Chair_M.uasset" 232
"../../../../BlackTurkey/Content/StarterContent/Textures/T_Chair_N.uasset" 233
"../../../../BlackTurkey/Content/StarterContent/Props/Materials/M_Chair.uasset" 234
"../../../../BlackTurkey/Content/StarterContent/Props/SM_Couch.uasset" 235
"../../../../BlackTurkey/Content/StarterContent/Materials/M_Glass.uasset" 236
"../../../../BlackTurkey/Content/StarterContent/Textures/T_Door_M.uasset" 237
"../../../../BlackTurkey/Content/StarterContent/Textures/T_Door_N.uasset" 238
"../../../../BlackTurkey/Content/StarterContent/Props/Materials/M_Door.uasset" 239
"../../../../BlackTurkey/Content/StarterContent/Props/SM_Door.uasset" 240
"../../../../BlackTurkey/Content/StarterContent/Props/Materials/M_MaterialSphere.uasset" 241
"../../../../BlackTurkey/Content/StarterContent/Props/Materials/M_MaterialSphere_Plain.uasset" 242
"../../../../BlackTurkey/Content/StarterContent/Props/SM_MatPreviewMesh_02.uasset" 243
"../../../../BlackTurkey/Content/StarterContent/Textures/T_Detail_Rocky_N.uasset" 244
"../../../../BlackTurkey/Content/StarterContent/Textures/T_Rock_Basalt_D.uasset" 245
"../../../../BlackTurkey/Content/StarterContent/Textures/T_RockMesh_M.uasset" 246
"../../../../BlackTurkey/Content/StarterContent/Textures/T_RockMesh_N.uasset" 247
"../../../../BlackTurkey/Content/StarterContent/Props/Materials/M_Rock.uasset" 248
"../../../../BlackTurkey/Content/StarterContent/Props/SM_Rock.uasset" 249
"../../../../BlackTurkey/Content/StarterContent/Textures/T_Shelf_M.uasset" 250
"../../../../BlackTurkey/Content/StarterContent/Textures/T_Shelf_N.uasset" 251
"../../../../BlackTurkey/Content/StarterContent/Props/Materials/M_Shelf.uasset" 252
"../../../../BlackTurkey/Content/StarterContent/Props/SM_Shelf.uasset" 253
"../../../../BlackTurkey/Content/StarterContent/Materials/M_Basic_Floor.uasset" 254
"../../../../BlackTurkey/Content/StarterContent/Props/SM_Stairs.uasset" 255
"../../../../BlackTurkey/Content/StarterContent/Shapes/Shape_Cone.uasset" 256
"../../../../BlackTurkey/Content/StarterContent/Shapes/Shape_Cylinder.uasset" 257
"../../../../BlackTurkey/Content/StarterContent/Shapes/Shape_NarrowCapsule.uasset" 258
"../../../../BlackTurkey/Content/StarterContent/Shapes/Shape_Pipe.uasset" 259
"../../../../BlackTurkey/Content/StarterContent/Shapes/Shape_Pipe_180.uasset" 260
"../../../../BlackTurkey/Content/StarterContent/Shapes/Shape_Pipe_90.uasset" 261
"../../../../BlackTurkey/Content/StarterContent/Shapes/Shape_Plane.uasset" 262
"../../../../BlackTurkey/Content/StarterContent/Shapes/Shape_Torus.uasset" 263
"../../../../BlackTurkey/Content/StarterContent/Shapes/Shape_Trim.uasset" 264
"../../../../BlackTurkey/Content/StarterContent/Shapes/Shape_Trim_90_In.uasset" 265
"../../../../BlackTurkey/Content/StarterContent/Shapes/Shape_Trim_90_Out.uasset" 266
"../../../../BlackTurkey/Content/StarterContent/Shapes/Shape_TriPyramid.uasset" 267
"../../../../BlackTurkey/Content/StarterContent/Shapes/Shape_Tube.uasset" 268
"../../../../BlackTurkey/Content/StarterContent/Shapes/Shape_Wedge_A.uasset" 269
"../../../../BlackTurkey/Content/StarterContent/Shapes/Shape_Wedge_B.uasset" 270
"../../../../BlackTurkey/Content/StarterContent/Shapes/Shape_WideCapsule.uasset" 271
"../../../../BlackTurkey/Content/Mannequin/Animations/ThirdPerson_Jump.uasset" 272
"../../../../BlackTurkey/Content/Mannequin/Animations/ThirdPersonJump_Loop.uasset" 273
"../../../../BlackTurkey/Content/Mannequin/Animations/ThirdPersonJump_Start.uasset" 274
"../../../../BlackTurkey/Content/Mannequin/Animations/ThirdPersonIdle.uasset" 275
"../../../../BlackTurkey/Content/Mannequin/Animations/ThirdPersonRun.uasset" 276
"../../../../BlackTurkey/Content/Mannequin/Animations/ThirdPersonWalk.uasset" 277
"../../../../BlackTurkey/Content/Mannequin/Animations/ThirdPerson_IdleRun_2D.uasset" 278
"../../../../BlackTurkey/Content/Mannequin/Animations/ThirdPerson_AnimBP.uasset" 279
"../../../../BlackTurkey/Content/Mannequin/Character/Materials/MaterialLayers/T_ML_Rubber_Blue_01_D.uasset" 280
"../../../../BlackTurkey/Content/Mannequin/Character/Materials/MaterialLayers/T_ML_Rubber_Blue_01_N.uasset" 281
"../../../../BlackTurkey/Content/Mannequin/Character/Materials/MaterialLayers/ML_GlossyBlack_Latex_UE4.uasset" 282
"../../../../BlackTurkey/Content/Mannequin/Character/Materials/MaterialLayers/ML_Plastic_Shiny_Beige.uasset" 283
"../../../../BlackTurkey/Content/Mannequin/Character/Textures/UE4_LOGO_CARD.uasset" 284
"../../../../BlackTurkey/Content/Mannequin/Character/Materials/MaterialLayers/ML_Plastic_Shiny_Beige_LOGO.uasset" 285
"../../../../BlackTurkey/Content/Mannequin/Character/Materials/MaterialLayers/T_ML_Aluminum01.uasset" 286
"../../../../BlackTurkey/Content/Mannequin/Character/Materials/MaterialLayers/T_ML_Aluminum01_N.uasset" 287
"../../../../BlackTurkey/Content/Mannequin/Character/Materials/MaterialLayers/ML_SoftMetal_UE4.uasset" 288
"../../../../BlackTurkey/Content/Mannequin/Character/Textures/UE4_Mannequin__normals.uasset" 289
"../../../../BlackTurkey/Content/Mannequin/Character/Textures/UE4_Mannequin_MAT_MASKA.uasset" 290
"../../../../BlackTurkey/Content/Mannequin/Character/Materials/M_UE4Man_Body.uasset" 291
"../../../../BlackTurkey/Content/Mannequin/Character/Textures/UE4Man_Logo_N.uasset" 292
"../../../../BlackTurkey/Content/Mannequin/Character/Materials/M_UE4Man_ChestLogo.uasset" 293
"../../../../BlackTurkey/Content/Mannequin/Character/Mesh/SK_Mannequin_PhysicsAsset.uasset" 294
"../../../../BlackTurkey/Content/Mannequin/Character/Mesh/SK_Mannequin.uasset" 295
"../../../../BlackTurkey/Content/ThirdPersonBP/Blueprints/ThirdPersonCharacter.uasset" 296
"../../../../BlackTurkey/Content/ThirdPersonBP/Blueprints/ThirdPersonGameMode.uasset" 297
"../../../Engine/Content/BasicShapes/Cone.uasset" 298
"../../../Engine/Content/BasicShapes/Cylinder.uasset" 299
"../../../Engine/Content/BasicShapes/Plane.uasset" 300
"../../../Engine/Content/EditorLandscapeResources/DataLayer.uasset" 301
"../../../Engine/Content/EditorMaterials/GizmoMaterial.uasset" 302
"../../../Engine/Content/EditorMaterials/MAT_Groups_Toggle.uasset" 303
"../../../Engine/Content/EditorMaterials/MAT_Groups_Visibility.uasset" 304
"../../../Engine/Content/EditorMaterials/PreviewShadowIndicator.uasset" 305
"../../../Engine/Content/EditorMaterials/PreviewShadowIndicatorMaterial.uasset" 306
"../../../Engine/Content/EditorMaterials/MatineeGroups/MAT_ColorTrack.uasset" 307
"../../../Engine/Content/EditorMaterials/MatineeGroups/MAT_Groups_Anim.uasset" 308
"../../../Engine/Content/EditorMaterials/MatineeGroups/MAT_Groups_AudioMaster.uasset" 309
"../../../Engine/Content/EditorMaterials/MatineeGroups/MAT_Groups_Director.uasset" 310
"../../../Engine/Content/EditorMaterials/MatineeGroups/MAT_Groups_Event.uasset" 311
"../../../Engine/Content/EditorMaterials/MatineeGroups/MAT_Groups_Fade.uasset" 312
"../../../Engine/Content/EditorMaterials/MatineeGroups/MAT_Groups_Float.uasset" 313
"../../../Engine/Content/EditorMaterials/MatineeGroups/MAT_Groups_Move.uasset" 314
"../../../Engine/Content/EditorMaterials/MatineeGroups/MAT_Groups_Slomo.uasset" 315
"../../../Engine/Content/EditorMaterials/MatineeGroups/MAT_Groups_Sound.uasset" 316
"../../../Engine/Content/EditorMaterials/MatineeGroups/MAT_Groups_Vector.uasset" 317
"../../../Engine/Content/EditorMaterials/ParticleSystems/PSysThumbnail_NoImage.uasset" 318
"../../../Engine/Content/EditorMaterials/ParticleSystems/PSysThumbnail_OOD.uasset" 319
"../../../Engine/Content/EditorMaterials/Camera/CineMat.uasset" 320
"../../../Engine/Content/EditorMaterials/Camera/MI_CineMat_Rig.uasset" 321
"../../../Engine/Content/EditorMeshes/Camera/SM_CraneRig_Arm.uasset" 322
"../../../Engine/Content/EditorMeshes/Camera/SM_CraneRig_Base.uasset" 323
"../../../Engine/Content/EditorMeshes/Camera/SM_CraneRig_Body.uasset" 324
"../../../Engine/Content/EditorMeshes/Camera/SM_CraneRig_Mount.uasset" 325
"../../../Engine/Content/EditorMeshes/Camera/SM_RailRig_Mount.uasset" 326
"../../../Engine/Content/EditorMeshes/Camera/SM_RailRig_Track.uasset" 327
"../../../Engine/Content/EditorResources/BSPVertex.uasset" 328
"../../../Engine/Content/EditorResources/EmptyActor.uasset" 329
"../../../Engine/Content/EditorResources/S_Actor.uasset" 330
"../../../Engine/Content/EditorResources/S_Trigger.uasset" 331
"../../../Engine/Content/EditorResources/AudioIcons/S_AudioComponent.uasset" 332
"../../../Engine/Content/EditorResources/AudioIcons/S_AudioComponent_AutoActivate.uasset" 333
"../../../Engine/Content/EditorResources/LightIcons/S_LightError.uasset" 334
"../../../Engine/Content/EditorResources/SequenceRecorder/Countdown.uasset" 335
"../../../Engine/Content/EditorResources/SequenceRecorder/RecordingIndicator.uasset" 336
"../../../Engine/Content/EditorSounds/Notifications/CompileFailed.uasset" 337
"../../../Engine/Content/EditorSounds/Notifications/CompileFailed_Cue.uasset" 338
"../../../Engine/Content/EditorSounds/Notifications/CompileSuccess.uasset" 339
"../../../Engine/Content/EditorSounds/Notifications/CompileStart_Cue.uasset" 340
"../../../Engine/Content/EditorSounds/Notifications/CompileSuccess_Cue.uasset" 341
"../../../Engine/Content/EngineDamageTypes/DmgTypeBP_Environmental.uasset" 342
"../../../Engine/Content/EngineDebugMaterials/HeatmapGradient.uasset" 343
"../../../Engine/Content/EngineDebugMaterials/BoneWeightMaterial.uasset" 344
"../../../Engine/Content/EngineDebugMaterials/ClothMaterial.uasset" 345
"../../../Engine/Content/EngineDebugMaterials/ClothMaterial_WF.uasset" 346
"../../../Engine/Content/EngineDebugMaterials/DebugEditorMaterial.uasset" 347
"../../../Engine/Content/EngineDebugMaterials/DebugMeshMaterial.uasset" 348
"../../../Engine/Content/EngineDebugMaterials/GeomMaterial.uasset" 349
"../../../Engine/Content/EngineFonts/Faces/RobotoBold.uasset" 350
"../../../Engine/Content/EngineFonts/Faces/RobotoBoldItalic.uasset" 351
"../../../Engine/Content/EngineFonts/Faces/RobotoItalic.uasset" 352
"../../../Engine/Content/EngineFonts/Faces/RobotoLight.uasset" 353
"../../../Engine/Content/EngineFonts/Faces/RobotoRegular.uasset" 354
"../../../Engine/Content/EngineFonts/Roboto.uasset" 355
"../../../Engine/Content/EngineFonts/Faces/RobotoTiny.uasset" 356
"../../../Engine/Content/EngineFonts/RobotoTiny.uasset" 357
"../../../Engine/Content/EngineMaterials/DefaultBloomKernel.uasset" 358
"../../../Engine/Content/EngineMaterials/DefaultBokeh.uasset" 359
"../../../Engine/Content/EngineMaterials/DefaultDeferredDecalMaterial.uasset" 360
"../../../Engine/Content/EngineMaterials/DefaultLightFunctionMaterial.uasset" 361
"../../../Engine/Content/Functions/Engine_MaterialFunctions02/Utility/BreakOutFloat2Components.uasset" 362
"../../../Engine/Content/EngineMaterials/DefaultPostProcessMaterial.uasset" 363
"../../../Engine/Content/EngineFonts/RobotoDistanceField.uasset" 364
"../../../Engine/Content/EngineMaterials/DefaultTextMaterialOpaque.uasset" 365
"../../../Engine/Content/EngineMaterials/DefaultWhiteGrid.uasset" 366
"../../../Engine/Content/EngineMaterials/EditorBrushMaterial.uasset" 367
"../../../Engine/Content/EngineMaterials/Good64x64TilingNoiseHighFreq.uasset" 368
"../../../Engine/Content/EngineMaterials/MiniFont.uasset" 369
"../../../Engine/Content/EngineMaterials/InvalidLightmapSettings.uasset" 370
"../../../Engine/Content/EngineMaterials/M_InvalidLightmapSettings.uasset" 371
"../../../Engine/Content/Functions/Engine_MaterialFunctions02/WorldPositionOffset/CameraOffset.uasset" 372
"../../../Engine/Content/EngineMaterials/PhAT_JointLimitMaterial.uasset" 373
"../../../Engine/Content/EngineMaterials/PreintegratedSkinBRDF.uasset" 374
"../../../Engine/Content/EngineMaterials/RemoveSurfaceMaterial.uasset" 375
"../../../Engine/Content/EngineMaterials/WeightMapPlaceholderTexture.uasset" 376
"../../../Engine/Content/EngineResources/WhiteSquareTexture.uasset" 377
"../../../Engine/Content/EngineMaterials/Widget3DPassThrough.uasset" 378
"../../../Engine/Content/EngineMaterials/Widget3DPassThrough_Masked.uasset" 379
"../../../Engine/Content/EngineMaterials/Widget3DPassThrough_Opaque.uasset" 380
"../../../Engine/Content/EngineMaterials/Widget3DPassThrough_Masked_OneSided.uasset" 381
"../../../Engine/Content/EngineMaterials/Widget3DPassThrough_Opaque_OneSided.uasset" 382
"../../../Engine/Content/EngineMaterials/Widget3DPassThrough_Translucent.uasset" 383
"../../../Engine/Content/EngineMaterials/Widget3DPassThrough_Translucent_OneSided.uasset" 384
"../../../Engine/Content/EngineMeshes/Cube.uasset" 385
"../../../Engine/Content/EngineMeshes/Cylinder.uasset" 386
"../../../Engine/Content/EngineMeshes/Sphere.uasset" 387
"../../../Engine/Content/EngineResources/Black.uasset" 388
"../../../Engine/Content/EngineResources/DefaultTexture.uasset" 389
"../../../Engine/Content/EngineResources/DefaultTextureCube.uasset" 390
"../../../Engine/Content/EngineResources/GradientTexture0.uasset" 391
"../../../Engine/Content/EngineSounds/Master.uasset" 392
"../../../Engine/Content/Functions/Engine_MaterialFunctions01/Shading/ConvertFromDiffSpec.uasset" 393
"../../../Engine/Content/Functions/Engine_MaterialFunctions01/Shading/PowerToRoughness.uasset" 394
"../../../Engine/Content/Maps/Templates/Thumbnails/Default.uasset" 395
"../../../Engine/Content/Maps/Templates/Thumbnails/VR-Basic.uasset" 396
"../../../Engine/Content/MobileResources/T_MobileControls_texture.uasset" 397
"../../../Engine/Content/MobileResources/T_MobileMenu2.uasset" 398
"../../../Engine/Content/MobileResources/HUD/AnalogHat.uasset" 399
"../../../Engine/Content/MobileResources/HUD/VirtualJoystick_Background.uasset" 400
"../../../Engine/Content/MobileResources/HUD/VirtualJoystick_Thumb.uasset" 401
"../../../Engine/Content/MobileResources/HUD/DefaultVirtualJoysticks.uasset" 402
"../../../Engine/Content/MobileResources/HUD/LeftVirtualJoystickOnly.uasset" 403
"../../../Engine/Content/MobileResources/HUD/MobileHUDButton1_off.uasset" 404
"../../../Engine/Content/MobileResources/HUD/MobileHUDButton1_on.uasset" 405
"../../../Engine/Content/MobileResources/HUD/MobileHUDButton2_off.uasset" 406
"../../../Engine/Content/MobileResources/HUD/MobileHUDButton2_on.uasset" 407
"../../../Engine/Content/MobileResources/HUD/MobileHUDButton3.uasset" 408
"../../../Engine/Content/MobileResources/HUD/MobileHUDButtonFire.uasset" 409
"../../../Engine/Content/MobileResources/HUD/MobileHUDDirectionPad.uasset" 410
"../../../Engine/Content/MobileResources/HUD/MobileHUDDirectionPad2.uasset" 411
"../../../Engine/Content/MobileResources/HUD/MobileHUDDirectionPad3.uasset" 412
"../../../Engine/Content/MobileResources/HUD/MobileHUDDirectionStick.uasset" 413
"../../../Engine/Content/MobileResources/HUD/T_Castle_ThumbstickInner.uasset" 414
"../../../Engine/Content/MobileResources/HUD/T_Castle_ThumbstickOutter.uasset" 415
"../../../Engine/Content/Tutorial/ContentIntroCurve.uasset" 416
"../../../Engine/Content/Tutorial/Basics/TutorialAssets/icon_tab_Levels_40x.uasset" 417
"../../../Engine/Content/Tutorial/BlueprintTutorials/TutorialAssets/BlueprintInterface_64x.uasset" 418
"../../../Engine/Content/Tutorial/BlueprintTutorials/TutorialAssets/BlueprintMacroLibrary_64x.uasset" 419
"../../../Engine/Content/Tutorial/BlueprintTutorials/TutorialAssets/Blueprint_64x.uasset" 420
"../../../Engine/Content/Tutorial/BlueprintTutorials/TutorialAssets/Tutorial_BP_Interface.uasset" 421
"../../../Engine/Content/Tutorial/Foliage/TutorialAssets/Foliage.uasset" 422
"../../../Engine/Content/Tutorial/Landscape/TutorialAssets/Landscape.uasset" 423
"../../../Engine/Content/Tutorial/Mobile/TutorialAssets/android_Icon.uasset" 424
"../../../Engine/Content/Tutorial/Paper2D/TutorialAssets/Paper2DFlipbook_TutorialIcon.uasset" 425
"../../../Engine/Content/Tutorial/Paper2D/TutorialAssets/Paper2DSprite_TutorialIcon.uasset" 426
"../../../Engine/Content/Tutorial/SubEditors/TutorialAssets/icon_Editor_Preferences_General_40x.uasset" 427
"../../../Engine/Content/Tutorial/SubEditors/TutorialAssets/icon_ShowSkeletalMeshes_40x.uasset" 428
"../../../Engine/Content/Tutorial/SubEditors/TutorialAssets/TutorialMaterial.uasset" 429
"../../../Engine/Content/Tutorial/SubEditors/TutorialAssets/T_SmokeSubUV_8X8.uasset" 430
"../../../Engine/Content/Tutorial/SubEditors/TutorialAssets/T_soft_smoke.uasset" 431
"../../../Engine/Content/Tutorial/SubEditors/TutorialAssets/M_smoke_subUV_blackbody.uasset" 432
"../../../Engine/Content/Tutorial/SubEditors/TutorialAssets/TutorialParticleSystem.uasset" 433
"../../../Engine/Content/VREditor/Devices/Generic/GenericHMDMaterial.uasset" 434
"../../../Engine/Content/VREditor/Devices/Generic/GenericHMD.uasset" 435
"../../../Engine/Content/Functions/Engine_MaterialFunctions02/Utility/BreakOutFloat3Components.uasset" 436
"../../../Engine/Content/VREditor/Devices/Vive/VivePreController_MasksB.uasset" 437
"../../../Engine/Content/VREditor/Devices/Oculus/OculusControllerMaterial.uasset" 438
"../../../Engine/Content/VREditor/Devices/Oculus/OculusControllerMaterial_Inst.uasset" 439
"../../../Engine/Content/VREditor/Devices/Oculus/OculusControllerMesh.uasset" 440
"../../../Engine/Content/VREditor/Devices/Vive/T_VivePreController_EM.uasset" 441
"../../../Engine/Content/VREditor/Devices/Vive/VivePreController_MasksA.uasset" 442
"../../../Engine/Content/VREditor/Devices/Vive/VivePreControllerDiffuse.uasset" 443
"../../../Engine/Content/VREditor/Devices/Vive/VivePreControllerSpec.uasset" 444
"../../../Engine/Content/VREditor/LaserPointer/VR_LaserPower_01.uasset" 445
"../../../Engine/Content/VREditor/Devices/Vive/VivePreControllerMaterial.uasset" 446
"../../../Engine/Content/VREditor/Devices/Vive/VivePreControllerMaterial_Inst.uasset" 447
"../../../Engine/Content/VREditor/Devices/Vive/VivePreControllerMesh.uasset" 448
"../../../Engine/Content/VREditor/FloatingText/LineMaterial.uasset" 449
"../../../Engine/Content/VREditor/FloatingText/JointSphere.uasset" 450
"../../../Engine/Content/VREditor/FloatingText/LineSegmentCylinder.uasset" 451
"../../../Engine/Content/VREditor/Fonts/VRText_RobotoLarge.uasset" 452
"../../../Engine/Content/VREditor/Fonts/VRTextMaterial.uasset" 453
"../../../Engine/Content/VREditor/Fonts/TranslucentVRTextMaterial.uasset" 454
"../../../Engine/Content/VREditor/LaserPointer/CursorPointer.uasset" 455
"../../../Engine/Content/VREditor/TransformGizmo/TransformGizmoMaterial.uasset" 456
"../../../Engine/Content/VREditor/LaserPointer/HoverMaterial.uasset" 457
"../../../Engine/Content/VREditor/TransformGizmo/TranslucentTransformGizmoMaterial.uasset" 458
"../../../Engine/Content/VREditor/LaserPointer/TranslucentHoverMaterial.uasset" 459
"../../../Engine/Content/VREditor/LaserPointer/HoverMesh.uasset" 460
"../../../Engine/Content/VREditor/LaserPointer/LaserPointerMaterial.uasset" 461
"../../../Engine/Content/VREditor/LaserPointer/LaserPointerMaterialInst.uasset" 462
"../../../Engine/Content/VREditor/LaserPointer/TranslucentLaserPointerMaterialInst.uasset" 463
"../../../Engine/Content/VREditor/LaserPointer/LaserPointerMesh.uasset" 464
"../../../Engine/Content/VREditor/LaserPointer/LaserPointerMesh_End.uasset" 465
"../../../Engine/Content/VREditor/LaserPointer/LaserPointerMesh_Start.uasset" 466
"../../../Engine/Content/VREditor/Sounds/VR_teleport.uasset" 467
"../../../Engine/Content/VREditor/Sounds/UI/Click_on_Button.uasset" 468
"../../../Engine/Content/VREditor/Sounds/UI/Click_on_Button_Cue.uasset" 469
"../../../Engine/Content/VREditor/Sounds/UI/Dockable_Window_Close.uasset" 470
"../../../Engine/Content/VREditor/Sounds/UI/Dockable_Window_Drop.uasset" 471
"../../../Engine/Content/VREditor/Sounds/UI/Dockable_Window_Open.uasset" 472
"../../../Engine/Content/VREditor/Sounds/UI/Dockable_Window_Pick_Up.uasset" 473
"../../../Engine/Content/VREditor/Sounds/UI/Drop_Item_From_ContentBrowser.uasset" 474
"../../../Engine/Content/VREditor/Sounds/UI/Floating_UI_Open-001.uasset" 475
"../../../Engine/Content/VREditor/Sounds/UI/Radial_Menu_FadeOut.uasset" 476
"../../../Engine/Content/VREditor/Sounds/UI/Teleport_Mode_Entered.uasset" 477
"../../../Engine/Content/VREditor/Teleport/TeleportDirectionMaterial.uasset" 478
"../../../Engine/Content/VREditor/Teleport/TeleportDirectionMaterial_Inst.uasset" 479
"../../../Engine/Content/VREditor/Teleport/TeleportDirectionMesh.uasset" 480
"../../../Engine/Content/VREditor/TransformGizmo/BoundingBoxCorner.uasset" 481
"../../../Engine/Content/VREditor/TransformGizmo/BoundingBoxEdge.uasset" 482
"../../../Engine/Content/VREditor/TransformGizmo/PlaneTranslationHandle.uasset" 483
"../../../Engine/Content/VREditor/TransformGizmo/Main.uasset" 484
"../../../Engine/Content/VREditor/TransformGizmo/Xray.uasset" 485
"../../../Engine/Content/VREditor/TransformGizmo/SM_Dialog_Close.uasset" 486
"../../../Engine/Content/VREditor/TransformGizmo/SM_Dialog_Move.uasset" 487
"../../../Engine/Content/VREditor/TransformGizmo/SM_Sequencer_Key.uasset" 488
"../../../Engine/Content/VREditor/TransformGizmo/SM_Sequencer_Node.uasset" 489
"../../../Engine/Content/VREditor/TransformGizmo/TransformGizmoMaterial_Inst.uasset" 490
"../../../Engine/Content/VREditor/TransformGizmo/TranslucentTransformGizmoMaterial_Inst.uasset" 491
"../../../Engine/Content/VREditor/Devices/Vive/UE4_Logo.uasset" 492
"../../../Engine/Content/VREditor/UI/M_ContentWindow.uasset" 493
"../../../Engine/Content/VREditor/UI/SM_ContentWindow_01.uasset" 494
"../../../Engine/Content/VREditor/UI/KeyDiskMaterial.uasset" 495
"../../../Engine/Content/VREditor/UI/DiscMaterial.uasset" 496
"../../../Engine/Content/VREditor/UI/SM_Radial_Disk.uasset" 497
"../../../Engine/Content/VREditor/UI/ArrowMaterial.uasset" 498
"../../../Engine/Content/VREditor/UI/SM_Radial_Pointer.uasset" 499
"../../../Engine/Content/VREditor/WorldMovementGrid/SimpleGrid.uasset" 500
"../../../Engine/Content/VREditor/WorldMovementGrid/GridMaterial.uasset" 501
"../../../Engine/Content/Functions/Engine_MaterialFunctions01/Density/ExponentialDensity.uasset" 502
"../../../Engine/Content/VREditor/WorldMovementGrid/GridPostProcess.uasset" 503
"../../../Engine/Content/EditorLandscapeResources/FlattenHeightMat.uasset" 504
"../../../Engine/Content/VREditor/WorldMovementGrid/PlaneMesh.uasset" 505
"../../Plugins/2D/Paper2D/Content/PlaceholderTextures/DummySpriteTexture.uasset" 506
"../../Plugins/2D/Paper2D/Content/DummySprite.uasset" 507
"../../Plugins/2D/Paper2D/Content/DefaultPaperTerrainMaterial.uasset" 508
"../../Plugins/2D/Paper2D/Content/DefaultSpriteMaterial.uasset" 509
"../../Plugins/2D/Paper2D/Content/MaskedUnlitSpriteMaterial.uasset" 510
"../../Plugins/2D/Paper2D/Content/OpaqueUnlitSpriteMaterial.uasset" 511
"../../Plugins/Media/MediaCompositing/Content/DefaultMediaPlaneTexture.uasset" 512
"../../Plugins/Media/MediaCompositing/Content/DefaultMediaPlaneMaterial.uasset" 513
"../../../Engine/Content/Functions/Engine_MaterialFunctions02/Utility/MakeFloat4.uasset" 514
"../../Plugins/Runtime/AppleARKit/Content/ARKitCameraMaterial.uasset" 515
"../../Plugins/Runtime/Oculus/OculusVR/Content/Textures/GearVRController_AO.uasset" 516
"../../Plugins/Runtime/Oculus/OculusVR/Content/Textures/GearVRController_Color.uasset" 517
"../../Plugins/Runtime/Oculus/OculusVR/Content/Textures/GearVRController_Normal.uasset" 518
"../../Plugins/Runtime/Oculus/OculusVR/Content/Materials/GearVRControllerMaterial.uasset" 519
"../../Plugins/Runtime/Oculus/OculusVR/Content/Meshes/GearVrController.uasset" 520
"../../../Engine/Content/EngineSky/C_Sky_Cloud_Color.uasset" 521
"../../../Engine/Content/EngineSky/C_Sky_Horizon_Color.uasset" 522
"../../../Engine/Content/EngineSky/C_Sky_Zenith_Color.uasset" 523
"../../../Engine/Content/EngineSky/T_Sky_Blue.uasset" 524
"../../../Engine/Content/EngineSky/T_Sky_Clouds_M.uasset" 525
"../../../Engine/Content/EngineSky/T_Sky_Stars.uasset" 526
"../../../Engine/Content/EngineSky/M_Sky_Panning_Clouds2.uasset" 527
"../../../Engine/Content/EngineSky/SM_SkySphere.uasset" 528
"../../../Engine/Content/EngineSky/BP_Sky_Sphere.uasset" 529
"../../../../BlackTurkey/Content/UI/DindeHUD.uasset" 530
"../../../../BlackTurkey/Content/Blueprint/ThirdPersonGameMode.uasset" 531
"../../../../BlackTurkey/Content/Shit/StarterContent/Textures/T_Ground_Grass_D.uasset" 532
"../../../../BlackTurkey/Content/Shit/StarterContent/Textures/T_Ground_Grass_N.uasset" 533
"../../../../BlackTurkey/Content/Shit/StarterContent/Materials/M_Ground_Grass.uasset" 534
"../../../Engine/Content/EngineMaterials/DefaultPhysicalMaterial.uasset" 535
"../../../../BlackTurkey/Content/Shit/Geometry/Meshes/CubeMaterial.uasset" 536
"../../../../BlackTurkey/Content/Shit/Geometry/Meshes/1M_Cube.uasset" 537
"../../../../BlackTurkey/Content/Shit/Geometry/Meshes/TemplateFloor.uasset" 538
"../../../../BlackTurkey/Content/UI/ControlCelineT.uasset" 539
"../../../../BlackTurkey/Content/UI/ControlWidgetBlueprint.uasset" 540
"../../../../BlackTurkey/Content/Map/Cinematic.umap" 541
"../../../../BlackTurkey/Content/UI/TitleDinde.uasset" 542
"../../../../BlackTurkey/Content/UI/TitleWidget.uasset" 543
"../../../../BlackTurkey/Content/Map/Intro.umap" 544
"../../../../BlackTurkey/Content/UI/Fin_Widget.uasset" 545
"../../../../BlackTurkey/Content/Map/ThirdLevel.umap" 546
"../../../../BlackTurkey/Content/Blueprint/Junk/Bp_Caouch.uasset" 547
"../../../../BlackTurkey/Content/Shit/Mannequin/Character/Mesh/UE4_Mannequin_Skeleton.uasset" 548
"../../../../BlackTurkey/Content/Shit/Mannequin/Animations/ThirdPerson_Jump.uasset" 549
"../../../../BlackTurkey/Content/Shit/Mannequin/Animations/ThirdPersonJump_Loop.uasset" 550
"../../../../BlackTurkey/Content/Shit/Mannequin/Animations/ThirdPersonJump_Start.uasset" 551
"../../../../BlackTurkey/Content/Shit/Mannequin/Animations/ThirdPersonIdle.uasset" 552
"../../../../BlackTurkey/Content/Shit/Mannequin/Animations/ThirdPersonRun.uasset" 553
"../../../../BlackTurkey/Content/Shit/Mannequin/Animations/ThirdPersonWalk.uasset" 554
"../../../../BlackTurkey/Content/Shit/Mannequin/Animations/ThirdPerson_IdleRun_2D.uasset" 555
"../../../../BlackTurkey/Content/Shit/Mannequin/Animations/ThirdPerson_AnimBP.uasset" 556
"../../../../BlackTurkey/Content/Blueprint/Junk/Bp_Meuble.uasset" 557
"../../../../BlackTurkey/Content/Shit/Mannequin/Character/Materials/MaterialLayers/T_ML_Rubber_Blue_01_D.uasset" 558
"../../../../BlackTurkey/Content/Shit/Mannequin/Character/Materials/MaterialLayers/T_ML_Rubber_Blue_01_N.uasset" 559
"../../../../BlackTurkey/Content/Shit/Mannequin/Character/Materials/MaterialLayers/ML_GlossyBlack_Latex_UE4.uasset" 560
"../../../../BlackTurkey/Content/Shit/Mannequin/Character/Materials/MaterialLayers/ML_Plastic_Shiny_Beige.uasset" 561
"../../../../BlackTurkey/Content/Shit/Mannequin/Character/Textures/UE4_LOGO_CARD.uasset" 562
"../../../../BlackTurkey/Content/Shit/Mannequin/Character/Materials/MaterialLayers/ML_Plastic_Shiny_Beige_LOGO.uasset" 563
"../../../../BlackTurkey/Content/Shit/Mannequin/Character/Materials/MaterialLayers/T_ML_Aluminum01.uasset" 564
"../../../../BlackTurkey/Content/Shit/Mannequin/Character/Materials/MaterialLayers/T_ML_Aluminum01_N.uasset" 565
"../../../../BlackTurkey/Content/Shit/Mannequin/Character/Materials/MaterialLayers/ML_SoftMetal_UE4.uasset" 566
"../../../../BlackTurkey/Content/Shit/Mannequin/Character/Textures/UE4_Mannequin__normals.uasset" 567
"../../../../BlackTurkey/Content/Shit/Mannequin/Character/Textures/UE4_Mannequin_MAT_MASKA.uasset" 568
"../../../../BlackTurkey/Content/Shit/Mannequin/Character/Materials/M_UE4Man_Body.uasset" 569
"../../../../BlackTurkey/Content/Shit/Mannequin/Character/Textures/UE4Man_Logo_N.uasset" 570
"../../../../BlackTurkey/Content/Shit/Mannequin/Character/Materials/M_UE4Man_ChestLogo.uasset" 571
"../../../../BlackTurkey/Content/Shit/Mannequin/Character/Mesh/SK_Mannequin_PhysicsAsset.uasset" 572
"../../../../BlackTurkey/Content/Shit/Mannequin/Character/Mesh/SK_Mannequin.uasset" 573
"../../../../BlackTurkey/Content/Blueprint/Junk/Bp_CelinePoulin.uasset" 574
"../../../../BlackTurkey/Content/Blueprint/Junk/Bp_LazyBoz.uasset" 575
"../../../Engine/Content/Functions/Engine_MaterialFunctions02/Texturing/CustomRotator.uasset" 576
"../../../../BlackTurkey/Content/Cartoon_house/Textures/DefaultTexture.uasset" 577
"../../../../BlackTurkey/Content/Cartoon_house/Textures/T_CH_empty_N.uasset" 578
"../../../../BlackTurkey/Content/Cartoon_house/Textures/T_CH_Tiles_Mask.uasset" 579
"../../../../BlackTurkey/Content/Cartoon_house/Textures/T_CH_Wallpaper1.uasset" 580
"../../../../BlackTurkey/Content/Cartoon_house/Textures/T_CH_Wood_planks_S.uasset" 581
"../../../../BlackTurkey/Content/Cartoon_house/Materials/Wallpapers/M_CH_Wallpaper_master.uasset" 582
"../../../../BlackTurkey/Content/Cartoon_house/Materials/M_CH_Prop_master.uasset" 583
"../../../../BlackTurkey/Content/Cartoon_house/Textures/T_CH_Wood2_D.uasset" 584
"../../../../BlackTurkey/Content/Cartoon_house/Textures/T_CH_Wood6_R.uasset" 585
"../../../../BlackTurkey/Content/Cartoon_house/Materials/MI_CH_Plastic.uasset" 586
"../../../../BlackTurkey/Content/Cartoon_house/Materials/Simple/M_Simple.uasset" 587
"../../../../BlackTurkey/Content/Cartoon_house/Materials/MI_CH_Yellow2.uasset" 588
"../../../../BlackTurkey/Content/Cartoon_house/Textures/T_CH_Wallpaper4.uasset" 589
"../../../../BlackTurkey/Content/Cartoon_house/Materials/Wallpapers/MI_CH_Wallpaper_Example6.uasset" 590
"../../../../BlackTurkey/Content/Cartoon_house/Textures/T_CH_Wallpaper6.uasset" 591
"../../../../BlackTurkey/Content/Cartoon_house/Materials/Wallpapers/MI_CH_Wallpaper_Livingroom2.uasset" 592
"../../../../BlackTurkey/Content/Cartoon_house/Textures/T_CH_Wood_planks_D.uasset" 593
"../../../../BlackTurkey/Content/Cartoon_house/Textures/T_CH_Wood_planks_N.uasset" 594
"../../../../BlackTurkey/Content/Cartoon_house/Textures/T_CH_Wood_planks_Mat.uasset" 595
"../../../../BlackTurkey/Content/Cartoon_house/Textures/T_CH_Wood_planks_Mat_Inst.uasset" 596
"../../../../BlackTurkey/Content/Cartoon_house/Materials/MI_CH_Glass_dark.uasset" 597
"../../../../BlackTurkey/Content/Cartoon_house/Textures/T_CH_Roof_D.uasset" 598
"../../../../BlackTurkey/Content/Cartoon_house/Textures/T_CH_Roof_N.uasset" 599
"../../../../BlackTurkey/Content/Cartoon_house/Materials/MI_CH_Roof.uasset" 600
"../../../../BlackTurkey/Content/Cartoon_house/Materials/Simple/MI_Wall6.uasset" 601
"../../../../BlackTurkey/Content/Cartoon_house/Materials/Simple/MI_Wall_white.uasset" 602
"../../../../BlackTurkey/Content/Cartoon_house/Materials/Simple/MI_Wood8.uasset" 603
"../../../../BlackTurkey/Content/Cartoon_house/Meshes/Exterior/SM_CH_Exterior_House.uasset" 604
"../../../../BlackTurkey/Content/Cartoon_house/Textures/T_CH_Bark_D.uasset" 605
"../../../../BlackTurkey/Content/Cartoon_house/Textures/T_CH_Bark_N.uasset" 606
"../../../../BlackTurkey/Content/Cartoon_house/Materials/MI_CH_Bark.uasset" 607
"../../../../BlackTurkey/Content/Cartoon_house/Textures/T_CH_Bush_D.uasset" 608
"../../../../BlackTurkey/Content/Cartoon_house/Materials/M_CH_Foliage.uasset" 609
"../../../../BlackTurkey/Content/Cartoon_house/Textures/T_CH_Bush2_D.uasset" 610
"../../../../BlackTurkey/Content/Cartoon_house/Materials/MI_CH_Tree3.uasset" 611
"../../../../BlackTurkey/Content/Cartoon_house/Meshes/Exterior/SM_CH_Exterior_Tree.uasset" 612
"../../../../BlackTurkey/Content/Cartoon_house/Materials/MI_CH_Bushes.uasset" 613
"../../../../BlackTurkey/Content/Cartoon_house/Meshes/Exterior/SM_CH_Props_Bush.uasset" 614
"../../../../BlackTurkey/Content/Cartoon_house/Materials/M_CH_Prop_master_SSS.uasset" 615
"../../../../BlackTurkey/Content/Cartoon_house/Textures/T_CH_Textil_D.uasset" 616
"../../../../BlackTurkey/Content/Cartoon_house/Textures/T_CH_Textil_N.uasset" 617
"../../../../BlackTurkey/Content/Cartoon_house/Textures/T_CH_Textil_R.uasset" 618
"../../../../BlackTurkey/Content/Cartoon_house/Materials/MI_CH_Curtain1.uasset" 619
"../../../../BlackTurkey/Content/Cartoon_house/Meshes/Furniture/SM_CH_Curtain_B.uasset" 620
"../../../../BlackTurkey/Content/Cartoon_house/Textures/T_CH_Wood3_D.uasset" 621
"../../../../BlackTurkey/Content/Cartoon_house/Textures/T_CH_Wood3_N.uasset" 622
"../../../../BlackTurkey/Content/Cartoon_house/Textures/T_CH_Wood3_R.uasset" 623
"../../../../BlackTurkey/Content/Cartoon_house/Materials/MI_CH_Wood_white2_rot.uasset" 624
"../../../../BlackTurkey/Content/Cartoon_house/Meshes/Furniture/SM_CH_Doorframe_Big.uasset" 625
"../../../../BlackTurkey/Content/Cartoon_house/Textures/T_CH_Brick2_N.uasset" 626
"../../../../BlackTurkey/Content/Cartoon_house/Textures/T_CH_Brick5_D.uasset" 627
"../../../../BlackTurkey/Content/Cartoon_house/Materials/MI_CH_Brick.uasset" 628
"../../../../BlackTurkey/Content/Cartoon_house/Materials/MI_CH_Wood_tables3.uasset" 629
"../../../../BlackTurkey/Content/Cartoon_house/Materials/MI_CH_Wood_white2.uasset" 630
"../../../../BlackTurkey/Content/Cartoon_house/Materials/Simple/MI_Gray.uasset" 631
"../../../../BlackTurkey/Content/Cartoon_house/Materials/Simple/MI_Wall_light_gray.uasset" 632
"../../../../BlackTurkey/Content/Cartoon_house/Meshes/Furniture/SM_CH_Fireplace.uasset" 633
"../../../../BlackTurkey/Content/Cartoon_house/Materials/MI_CH_Wood_white3.uasset" 634
"../../../../BlackTurkey/Content/Cartoon_house/Materials/Simple/MI_Light_blue1.uasset" 635
"../../../../BlackTurkey/Content/Cartoon_house/Meshes/Furniture/SM_CH_Fireplace_Cupboard.uasset" 636
"../../../../BlackTurkey/Content/Cartoon_house/Textures/T_CH_Wood4_D.uasset" 637
"../../../../BlackTurkey/Content/Cartoon_house/Textures/T_CH_Wood7_D.uasset" 638
"../../../../BlackTurkey/Content/Cartoon_house/Textures/T_CH_Wood7_N.uasset" 639
"../../../../BlackTurkey/Content/Cartoon_house/Materials/MI_CH_Metal_kitchen4.uasset" 640
"../../../../BlackTurkey/Content/Cartoon_house/Meshes/Furniture/SM_CH_Kitchen_Fridge.uasset" 641
"../../../../BlackTurkey/Content/Cartoon_house/Materials/MI_CH_Wood_kitchen.uasset" 642
"../../../../BlackTurkey/Content/Cartoon_house/Textures/T_CH_Wood1_N.uasset" 643
"../../../../BlackTurkey/Content/Cartoon_house/Materials/MI_CH_Wood_kitchen2.uasset" 644
"../../../../BlackTurkey/Content/Cartoon_house/Materials/MI_CH_Wood_kitchen3.uasset" 645
"../../../../BlackTurkey/Content/Cartoon_house/Materials/Simple/MI_Wood.uasset" 646
"../../../../BlackTurkey/Content/Cartoon_house/Meshes/Furniture/SM_CH_Kitchen_furn_mod_B.uasset" 647
"../../../../BlackTurkey/Content/Cartoon_house/Textures/T_CH_Marble_D.uasset" 648
"../../../../BlackTurkey/Content/Cartoon_house/Materials/MI_CH_Marble.uasset" 649
"../../../../BlackTurkey/Content/Cartoon_house/Materials/Simple/MI_Wood4.uasset" 650
"../../../../BlackTurkey/Content/Cartoon_house/Meshes/Furniture/SM_CH_Kitchen_furn_mod_F.uasset" 651
"../../../../BlackTurkey/Content/Cartoon_house/Meshes/Furniture/SM_CH_Kitchen_furn_mod_G.uasset" 652
"../../../../BlackTurkey/Content/Cartoon_house/Materials/MI_CH_Metal_kitchen2.uasset" 653
"../../../../BlackTurkey/Content/Cartoon_house/Materials/MI_CH_Metal_kitchen3.uasset" 654
"../../../../BlackTurkey/Content/Cartoon_house/Materials/MI_CH_Plastic1.uasset" 655
"../../../../BlackTurkey/Content/Cartoon_house/Materials/MI_CH_Plastic2.uasset" 656
"../../../../BlackTurkey/Content/Cartoon_house/Meshes/Furniture/SM_CH_Kitchen_Oven.uasset" 657
"../../../../BlackTurkey/Content/Cartoon_house/Materials/MI_CH_Metal_kitchen.uasset" 658
"../../../../BlackTurkey/Content/Cartoon_house/Materials/MI_CH_Plastic3.uasset" 659
"../../../../BlackTurkey/Content/Cartoon_house/Meshes/Furniture/SM_CH_Kitchen_Vent.uasset" 660
"../../../../BlackTurkey/Content/Cartoon_house/Materials/M_CH_Glass.uasset" 661
"../../../../BlackTurkey/Content/Cartoon_house/Materials/MI_CH_Glass.uasset" 662
"../../../../BlackTurkey/Content/Cartoon_house/Meshes/Furniture/SM_CH_Window_A.uasset" 663
"../../../../BlackTurkey/Content/Cartoon_house/Meshes/Furniture/SM_CH_Window_B.uasset" 664
"../../../../BlackTurkey/Content/Cartoon_house/Materials/MI_CH_Metal.uasset" 665
"../../../../BlackTurkey/Content/Cartoon_house/Materials/MI_CH_Metal2.uasset" 666
"../../../../BlackTurkey/Content/Cartoon_house/Materials/MI_CH_Wood1.uasset" 667
"../../../../BlackTurkey/Content/Cartoon_house/Meshes/Small_Props/SM_CH_Props_Chest.uasset" 668
"../../../../BlackTurkey/Content/Cartoon_house/Textures/T_CH_Wood6_D.uasset" 669
"../../../../BlackTurkey/Content/Cartoon_house/Textures/T_CH_Wood6_N.uasset" 670
"../../../../BlackTurkey/Content/Cartoon_house/Materials/MI_CH_Wood4.uasset" 671
"../../../../BlackTurkey/Content/Cartoon_house/Meshes/Small_Props/SM_CH_Props_CurtainRod.uasset" 672
"../../../../BlackTurkey/Content/Cartoon_house/Materials/MI_CH_Ceramic.uasset" 673
"../../../../BlackTurkey/Content/Cartoon_house/Materials/MI_CH_Red.uasset" 674
"../../../../BlackTurkey/Content/Cartoon_house/Materials/MI_CH_Yellow.uasset" 675
"../../../../BlackTurkey/Content/Cartoon_house/Meshes/Small_Props/SM_CH_Props_Fruits.uasset" 676
"../../../../BlackTurkey/Content/Cartoon_house/Textures/T_CH_Asphalt_D.uasset" 677
"../../../../BlackTurkey/Content/Cartoon_house/Textures/T_CH_Asphalt_N.uasset" 678
"../../../../BlackTurkey/Content/Cartoon_house/Materials/MI_CH_Asphalt2.uasset" 679
"../../../../BlackTurkey/Content/Cartoon_house/Materials/MI_CH_Plastic4.uasset" 680
"../../../../BlackTurkey/Content/Cartoon_house/Meshes/Small_Props/SM_CH_Props_Fryingpan.uasset" 681
"../../../../BlackTurkey/Content/Cartoon_house/Meshes/Small_Props/SM_CH_Props_Kettle.uasset" 682
"../../../../BlackTurkey/Content/Cartoon_house/Materials/MI_CH_Plastic10.uasset" 683
"../../../../BlackTurkey/Content/Cartoon_house/Materials/MI_CH_Textil_lamp.uasset" 684
"../../../../BlackTurkey/Content/Cartoon_house/Materials/Simple/MI_Lamp.uasset" 685
"../../../../BlackTurkey/Content/Cartoon_house/Meshes/Small_Props/SM_CH_Props_Lamp_A.uasset" 686
"../../../../BlackTurkey/Content/Cartoon_house/Materials/MI_CH_Wood_white.uasset" 687
"../../../../BlackTurkey/Content/Cartoon_house/Meshes/Walls/SM_CH_Wall_B.uasset" 688
"../../../../BlackTurkey/Content/Cartoon_house/Materials/Simple/MI_Wood7.uasset" 689
"../../../../BlackTurkey/Content/Cartoon_house/Textures/T_CH_Tiles_N3.uasset" 690
"../../../../BlackTurkey/Content/Cartoon_house/Textures/T_CH_Wallpaper9.uasset" 691
"../../../../BlackTurkey/Content/Cartoon_house/Materials/Wallpapers/MI_CH_Wallpaper_Kitchen.uasset" 692
"../../../../BlackTurkey/Content/Cartoon_house/Meshes/Walls/SM_CH_Wall_D.uasset" 693
"../../../../BlackTurkey/Content/Cartoon_house/Textures/T_CH_Wallpaper5.uasset" 694
"../../../../BlackTurkey/Content/Cartoon_house/Materials/Wallpapers/MI_CH_Wallpaper_Doorway.uasset" 695
"../../../../BlackTurkey/Content/Cartoon_house/Meshes/Walls/SM_CH_Wall_Door_A.uasset" 696
"../../../../BlackTurkey/Content/Cartoon_house/Meshes/Walls/SM_CH_Wall_Door_F.uasset" 697
"../../../../BlackTurkey/Content/Cartoon_house/Materials/Wallpapers/MI_CH_Wallpaper_Kitchen2.uasset" 698
"../../../../BlackTurkey/Content/Cartoon_house/Meshes/Walls/SM_CH_Wall_Window_Kitchen.uasset" 699
"../../../../BlackTurkey/Content/Cartoon_house/Textures/T_CH_Wallpaper2.uasset" 700
"../../../../BlackTurkey/Content/Cartoon_house/Materials/Wallpapers/MI_CH_Wallpaper_Dining.uasset" 701
"../../../../BlackTurkey/Content/Cartoon_house/Meshes/Walls/SM_CH_Wall_Windows_A.uasset" 702
"../../../../BlackTurkey/Content/Sound/Celine/Elle_va_revenir_la_dinde_nouere.uasset" 703
"../../../../BlackTurkey/Content/Map/Level1/Level.umap" 704
"../../../../BlackTurkey/Content/UI/LoadVaisselleWidget.uasset" 705
"../../../../BlackTurkey/Content/Blueprint/Bp_Vaisselier.uasset" 706
"../../../../BlackTurkey/Content/Map/Level1/Level1GG_BuiltData.uasset" 707
"../../../../BlackTurkey/Content/Assets/Break/SM_CH_Table_small.uasset" 708
"../../../../BlackTurkey/Content/Map/Level1/Level1GG.umap" 709
"../../../../BlackTurkey/Content/Map/Level1/Level2.umap" 710
"../../../../BlackTurkey/Content/Map/Level1/Level3.umap" 711
"../../../../BlackTurkey/Content/Map/Level1/SubLevel1/Collisions_BuiltData.uasset" 712
"../../../../BlackTurkey/Content/Map/Level1/SubLevel1/Collisions.umap" 713
"../../../../BlackTurkey/Content/StarterContent/Blueprints/Assets/FogBrightnessLUT.uasset" 714
"../../../../BlackTurkey/Content/StarterContent/Blueprints/Assets/SunlightColorLUT.uasset" 715
"../../../../BlackTurkey/Content/StarterContent/Blueprints/Assets/M_LightStage_Arrows.uasset" 716
"../../../Engine/Content/MapTemplates/Sky/DaylightAmbientCubemap.uasset" 717
"../../../../BlackTurkey/Content/StarterContent/Blueprints/Assets/M_LightStage_Skybox_Master.uasset" 718
"../../../../BlackTurkey/Content/StarterContent/Blueprints/Assets/M_LightStage_Skybox_Black.uasset" 719
"../../../../BlackTurkey/Content/StarterContent/Blueprints/Assets/M_LightStage_Skybox_HDRI.uasset" 720
"../../../Engine/Content/EditorMaterials/Thumbnails/SkySphereMaterial.uasset" 721
"../../../../BlackTurkey/Content/StarterContent/Blueprints/Assets/Skybox.uasset" 722
"../../../../BlackTurkey/Content/StarterContent/Blueprints/Assets/SM_Arrows.uasset" 723
"../../../../BlackTurkey/Content/StarterContent/HDRI/HDRI_Epic_Courtyard_Daylight.uasset" 724
"../../../../BlackTurkey/Content/StarterContent/Blueprints/BP_LightStudio.uasset" 725
"../../../../BlackTurkey/Content/StarterContent/Maps/Advanced_Lighting_BuiltData.uasset" 726
"../../../../BlackTurkey/Content/StarterContent/Materials/M_AssetPlatform.uasset" 727
"../../../Engine/Content/EditorMeshes/ColorCalibrator/M_ChromeBall.uasset" 728
"../../../Engine/Content/EditorMeshes/ColorCalibrator/M_ClearCoat.uasset" 729
"../../../Engine/Content/EditorMeshes/ColorCalibrator/M_ClearCoatBlack.uasset" 730
"../../../Engine/Content/EditorMeshes/ColorCalibrator/Color_checker.uasset" 731
"../../../Engine/Content/EditorMeshes/ColorCalibrator/M_ColorGrid.uasset" 732
"../../../Engine/Content/EditorMeshes/ColorCalibrator/M_GreyBall.uasset" 733
"../../../Engine/Content/EditorMeshes/ColorCalibrator/SM_ColorCalibrator.uasset" 734
"../../../../BlackTurkey/Content/StarterContent/Architecture/SM_AssetPlatform.uasset" 735
"../../../../BlackTurkey/Content/StarterContent/Maps/Advanced_Lighting.umap" 736
"../../../../BlackTurkey/Content/StarterContent/Maps/Minimal_Default_BuiltData.uasset" 737
"../../../../BlackTurkey/Content/StarterContent/Textures/T_MacroVariation.uasset" 738
"../../../../BlackTurkey/Content/StarterContent/Materials/M_Metal_Brushed_Nickel.uasset" 739
"../../../../BlackTurkey/Content/StarterContent/Textures/T_Metal_Aluminum_D.uasset" 740
"../../../../BlackTurkey/Content/StarterContent/Textures/T_Metal_Gold_N.uasset" 741
"../../../../BlackTurkey/Content/StarterContent/Materials/M_Metal_Burnished_Steel.uasset" 742
"../../../../BlackTurkey/Content/StarterContent/Textures/T_Metal_Copper_D.uasset" 743
"../../../../BlackTurkey/Content/StarterContent/Materials/M_Metal_Copper.uasset" 744
"../../../../BlackTurkey/Content/StarterContent/Textures/T_Statue_M.uasset" 745
"../../../../BlackTurkey/Content/StarterContent/Textures/T_Statue_N.uasset" 746
"../../../../BlackTurkey/Content/StarterContent/Props/Materials/M_StatueGlass.uasset" 747
"../../../../BlackTurkey/Content/StarterContent/Architecture/Floor_400x400.uasset" 748
"../../../../BlackTurkey/Content/StarterContent/Audio/Starter_Background_Cue.uasset" 749
"../../../../BlackTurkey/Content/StarterContent/Props/SM_Chair.uasset" 750
"../../../../BlackTurkey/Content/StarterContent/Props/Materials/M_Statue.uasset" 751
"../../../../BlackTurkey/Content/StarterContent/Props/SM_Statue.uasset" 752
"../../../../BlackTurkey/Content/StarterContent/Textures/T_TableRound_M.uasset" 753
"../../../../BlackTurkey/Content/StarterContent/Textures/T_TableRound_N.uasset" 754
"../../../../BlackTurkey/Content/StarterContent/Props/Materials/M_TableRound.uasset" 755
"../../../../BlackTurkey/Content/StarterContent/Props/SM_TableRound.uasset" 756
"../../../../BlackTurkey/Content/StarterContent/Maps/Minimal_Default.umap" 757
"../../../../BlackTurkey/Content/StarterContent/Audio/Fire01_Cue.uasset" 758
"../../../../BlackTurkey/Content/StarterContent/Textures/T_Fire_SubUV.uasset" 759
"../../../../BlackTurkey/Content/StarterContent/Textures/T_Fire_Tiled_D.uasset" 760
"../../../../BlackTurkey/Content/StarterContent/Particles/Materials/M_Fire_SubUV.uasset" 761
"../../../../BlackTurkey/Content/StarterContent/Textures/T_Water_N.uasset" 762
"../../../../BlackTurkey/Content/StarterContent/Particles/Materials/M_Heat_Distortion.uasset" 763
"../../../../BlackTurkey/Content/StarterContent/Particles/Materials/M_Radial_Gradient.uasset" 764
"../../../../BlackTurkey/Content/StarterContent/Particles/P_Fire.uasset" 765
"../../../../BlackTurkey/Content/StarterContent/Blueprints/Blueprint_Effect_Fire.uasset" 766
"../../../../BlackTurkey/Content/StarterContent/Audio/Smoke01_Cue.uasset" 767
"../../../../BlackTurkey/Content/StarterContent/Particles/P_Smoke.uasset" 768
"../../../../BlackTurkey/Content/StarterContent/Blueprints/Blueprint_Effect_Smoke.uasset" 769
"../../../../BlackTurkey/Content/StarterContent/Audio/Fire_Sparks01_Cue.uasset" 770
"../../../../BlackTurkey/Content/StarterContent/Textures/T_Spark_Core.uasset" 771
"../../../../BlackTurkey/Content/StarterContent/Particles/Materials/M_Spark.uasset" 772
"../../../../BlackTurkey/Content/StarterContent/Particles/P_Sparks.uasset" 773
"../../../../BlackTurkey/Content/StarterContent/Blueprints/Blueprint_Effect_Sparks.uasset" 774
"../../../../BlackTurkey/Content/StarterContent/Audio/Steam01_Cue.uasset" 775
"../../../../BlackTurkey/Content/StarterContent/Particles/P_Steam_Lit.uasset" 776
"../../../../BlackTurkey/Content/StarterContent/Blueprints/Blueprint_Effect_Steam.uasset" 777
"../../../../BlackTurkey/Content/StarterContent/Textures/T_Lamp_M.uasset" 778
"../../../../BlackTurkey/Content/StarterContent/Textures/T_Lamp_N.uasset" 779
"../../../../BlackTurkey/Content/StarterContent/Props/Materials/M_Lamp.uasset" 780
"../../../../BlackTurkey/Content/StarterContent/Props/SM_Lamp_Ceiling.uasset" 781
"../../../../BlackTurkey/Content/StarterContent/Blueprints/Blueprint_CeilingLight.uasset" 782
"../../../../BlackTurkey/Content/StarterContent/Props/SM_Lamp_Wall.uasset" 783
"../../../../BlackTurkey/Content/StarterContent/Blueprints/Blueprint_WallSconce.uasset" 784
"../../../../BlackTurkey/Content/StarterContent/Maps/StarterMap_BuiltData.uasset" 785
"../../../Engine/Content/Functions/Engine_MaterialFunctions03/Procedurals/ComputeFilterWidth.uasset" 786
"../../../Engine/Content/EngineMaterials/AntiAliasedTextMaterialTranslucent.uasset" 787
"../../../../BlackTurkey/Content/StarterContent/Textures/T_Brick_Clay_Beveled_D.uasset" 788
"../../../../BlackTurkey/Content/StarterContent/Textures/T_Brick_Clay_Beveled_M.uasset" 789
"../../../../BlackTurkey/Content/StarterContent/Textures/T_Brick_Clay_Beveled_N.uasset" 790
"../../../../BlackTurkey/Content/StarterContent/Materials/M_Brick_Clay_Beveled.uasset" 791
"../../../../BlackTurkey/Content/StarterContent/Textures/T_Brick_Clay_New_D.uasset" 792
"../../../../BlackTurkey/Content/StarterContent/Textures/T_Brick_Clay_New_M.uasset" 793
"../../../../BlackTurkey/Content/StarterContent/Textures/T_Brick_Clay_New_N.uasset" 794
"../../../../BlackTurkey/Content/StarterContent/Materials/M_Brick_Clay_New.uasset" 795
"../../../../BlackTurkey/Content/StarterContent/Textures/T_Brick_Clay_Old_D.uasset" 796
"../../../../BlackTurkey/Content/StarterContent/Textures/T_Brick_Clay_Old_N.uasset" 797
"../../../../BlackTurkey/Content/StarterContent/Textures/T_Perlin_Noise_M.uasset" 798
"../../../../BlackTurkey/Content/StarterContent/Materials/M_Brick_Clay_Old.uasset" 799
"../../../../BlackTurkey/Content/StarterContent/Textures/T_Brick_Cut_Stone_D.uasset" 800
"../../../../BlackTurkey/Content/StarterContent/Textures/T_Brick_Cut_Stone_N.uasset" 801
"../../../../BlackTurkey/Content/StarterContent/Materials/M_Brick_Cut_Stone.uasset" 802
"../../../../BlackTurkey/Content/StarterContent/Textures/T_Brick_Hewn_Stone_D.uasset" 803
"../../../../BlackTurkey/Content/StarterContent/Textures/T_Brick_Hewn_Stone_M.uasset" 804
"../../../../BlackTurkey/Content/StarterContent/Textures/T_Brick_Hewn_Stone_N.uasset" 805
"../../../../BlackTurkey/Content/StarterContent/Materials/M_Brick_Hewn_Stone.uasset" 806
"../../../../BlackTurkey/Content/StarterContent/Textures/T_Ceramic_Tile_M.uasset" 807
"../../../../BlackTurkey/Content/StarterContent/Textures/T_Ceramic_Tile_N.uasset" 808
"../../../../BlackTurkey/Content/StarterContent/Textures/T_Rock_Marble_Polished_D.uasset" 809
"../../../../BlackTurkey/Content/StarterContent/Materials/M_Ceramic_Tile_Checker.uasset" 810
"../../../../BlackTurkey/Content/StarterContent/Textures/T_CobbleStone_Pebble_D.uasset" 811
"../../../../BlackTurkey/Content/StarterContent/Textures/T_CobbleStone_Pebble_M.uasset" 812
"../../../../BlackTurkey/Content/StarterContent/Textures/T_CobbleStone_Pebble_N.uasset" 813
"../../../../BlackTurkey/Content/StarterContent/Materials/M_CobbleStone_Pebble.uasset" 814
"../../../../BlackTurkey/Content/StarterContent/Textures/T_CobbleStone_Rough_D.uasset" 815
"../../../../BlackTurkey/Content/StarterContent/Textures/T_CobbleStone_Rough_N.uasset" 816
"../../../../BlackTurkey/Content/StarterContent/Textures/T_Gradinet_01.uasset" 817
"../../../../BlackTurkey/Content/StarterContent/Textures/T_Rock_Smooth_Granite_D.uasset" 818
"../../../../BlackTurkey/Content/StarterContent/Materials/M_CobbleStone_Rough.uasset" 819
"../../../../BlackTurkey/Content/StarterContent/Textures/T_CobbleStone_Smooth_D.uasset" 820
"../../../../BlackTurkey/Content/StarterContent/Textures/T_CobbleStone_Smooth_M.uasset" 821
"../../../../BlackTurkey/Content/StarterContent/Textures/T_CobbleStone_Smooth_N.uasset" 822
"../../../../BlackTurkey/Content/StarterContent/Materials/M_CobbleStone_Smooth.uasset" 823
"../../../../BlackTurkey/Content/StarterContent/Textures/T_Concrete_Grime_D.uasset" 824
"../../../../BlackTurkey/Content/StarterContent/Textures/T_Metal_Rust_N.uasset" 825
"../../../../BlackTurkey/Content/StarterContent/Materials/M_Concrete_Grime.uasset" 826
"../../../../BlackTurkey/Content/StarterContent/Textures/T_Concrete_Panels_D.uasset" 827
"../../../../BlackTurkey/Content/StarterContent/Textures/T_Concrete_Panels_N.uasset" 828
"../../../../BlackTurkey/Content/StarterContent/Materials/M_Concrete_Panels.uasset" 829
"../../../../BlackTurkey/Content/StarterContent/Textures/T_Concrete_Poured_D.uasset" 830
"../../../../BlackTurkey/Content/StarterContent/Textures/T_Concrete_Poured_N.uasset" 831
"../../../../BlackTurkey/Content/StarterContent/Materials/M_Concrete_Poured.uasset" 832
"../../../../BlackTurkey/Content/StarterContent/Textures/T_Concrete_Tiles_D.uasset" 833
"../../../../BlackTurkey/Content/StarterContent/Textures/T_Concrete_Tiles_M.uasset" 834
"../../../../BlackTurkey/Content/StarterContent/Textures/T_Concrete_Tiles_N.uasset" 835
"../../../../BlackTurkey/Content/StarterContent/Textures/T_Concrete_Tiles_Variation_M.uasset" 836
"../../../../BlackTurkey/Content/StarterContent/Materials/M_Concrete_Tiles.uasset" 837
"../../../../BlackTurkey/Content/StarterContent/Textures/T_Ground_Grass_D.uasset" 838
"../../../../BlackTurkey/Content/StarterContent/Textures/T_Ground_Grass_N.uasset" 839
"../../../../BlackTurkey/Content/StarterContent/Materials/M_Ground_Grass.uasset" 840
"../../../../BlackTurkey/Content/StarterContent/Textures/T_Ground_Gravel_D.uasset" 841
"../../../../BlackTurkey/Content/StarterContent/Textures/T_Ground_Gravel_N.uasset" 842
"../../../../BlackTurkey/Content/StarterContent/Materials/M_Ground_Gravel.uasset" 843
"../../../../BlackTurkey/Content/StarterContent/Textures/T_ground_Moss_D.uasset" 844
"../../../../BlackTurkey/Content/StarterContent/Textures/T_Ground_Moss_N.uasset" 845
"../../../../BlackTurkey/Content/StarterContent/Materials/M_Ground_Moss.uasset" 846
"../../../../BlackTurkey/Content/StarterContent/Materials/M_Metal_Chrome.uasset" 847
"../../../../BlackTurkey/Content/StarterContent/Textures/T_Metal_Gold_D.uasset" 848
"../../../../BlackTurkey/Content/StarterContent/Materials/M_Metal_Gold.uasset" 849
"../../../../BlackTurkey/Content/StarterContent/Textures/T_Metal_Rust_D.uasset" 850
"../../../../BlackTurkey/Content/StarterContent/Materials/M_Metal_Rust.uasset" 851
"../../../../BlackTurkey/Content/StarterContent/Textures/T_Metal_Steel_D.uasset" 852
"../../../../BlackTurkey/Content/StarterContent/Textures/T_Metal_Steel_N.uasset" 853
"../../../../BlackTurkey/Content/StarterContent/Materials/M_Metal_Steel.uasset" 854
"../../../../BlackTurkey/Content/StarterContent/Textures/T_Rock_Basalt_N.uasset" 855
"../../../../BlackTurkey/Content/StarterContent/Materials/M_Rock_Basalt.uasset" 856
"../../../../BlackTurkey/Content/StarterContent/Materials/M_Rock_Marble_Polished.uasset" 857
"../../../../BlackTurkey/Content/StarterContent/Textures/T_Rock_Sandstone_D.uasset" 858
"../../../../BlackTurkey/Content/StarterContent/Textures/T_Rock_Sandstone_N.uasset" 859
"../../../../BlackTurkey/Content/StarterContent/Materials/M_Rock_Sandstone.uasset" 860
"../../../../BlackTurkey/Content/StarterContent/Textures/T_Rock_Slate_D.uasset" 861
"../../../../BlackTurkey/Content/StarterContent/Textures/T_Rock_Slate_N.uasset" 862
"../../../../BlackTurkey/Content/StarterContent/Materials/M_Rock_Slate.uasset" 863
"../../../../BlackTurkey/Content/StarterContent/Textures/T_Checker_Noise_M.uasset" 864
"../../../../BlackTurkey/Content/StarterContent/Textures/T_Single_Tile_N.uasset" 865
"../../../../BlackTurkey/Content/StarterContent/Textures/T_Tech_Dot_M.uasset" 866
"../../../../BlackTurkey/Content/StarterContent/Textures/T_Tech_Dot_N.uasset" 867
"../../../../BlackTurkey/Content/StarterContent/Materials/M_Tech_Checker_Dot.uasset" 868
"../../../../BlackTurkey/Content/StarterContent/Textures/T_Tech_Hex_Tile_M.uasset" 869
"../../../../BlackTurkey/Content/StarterContent/Textures/T_Tech_Hex_Tile_N.uasset" 870
"../../../../BlackTurkey/Content/StarterContent/Materials/M_Tech_Hex_Tile.uasset" 871
"../../../../BlackTurkey/Content/StarterContent/Materials/M_Tech_Hex_Tile_Pulse.uasset" 872
"../../../../BlackTurkey/Content/StarterContent/Textures/T_Tech_Panel_M.uasset" 873
"../../../../BlackTurkey/Content/StarterContent/Textures/T_Tech_Panel_N.uasset" 874
"../../../../BlackTurkey/Content/StarterContent/Materials/M_Tech_Panel.uasset" 875
"../../../../BlackTurkey/Content/StarterContent/Materials/M_Water_Lake.uasset" 876
"../../../../BlackTurkey/Content/StarterContent/Textures/T_Water_M.uasset" 877
"../../../../BlackTurkey/Content/StarterContent/Materials/M_Water_Ocean.uasset" 878
"../../../../BlackTurkey/Content/StarterContent/Textures/T_Wood_Floor_Walnut_D.uasset" 879
"../../../../BlackTurkey/Content/StarterContent/Textures/T_Wood_Floor_Walnut_M.uasset" 880
"../../../../BlackTurkey/Content/StarterContent/Textures/T_Wood_Floor_Walnut_N.uasset" 881
"../../../../BlackTurkey/Content/StarterContent/Materials/M_Wood_Floor_Walnut_Polished.uasset" 882
"../../../Engine/Content/Functions/Engine_MaterialFunctions01/Opacity/AlphaOffset.uasset" 883
"../../../../BlackTurkey/Content/StarterContent/Materials/M_Wood_Floor_Walnut_Worn.uasset" 884
"../../../../BlackTurkey/Content/StarterContent/Textures/T_Wood_Oak_D.uasset" 885
"../../../../BlackTurkey/Content/StarterContent/Textures/T_Wood_Oak_N.uasset" 886
"../../../../BlackTurkey/Content/StarterContent/Materials/M_Wood_Oak.uasset" 887
"../../../../BlackTurkey/Content/StarterContent/Textures/T_Wood_Pine_D.uasset" 888
"../../../../BlackTurkey/Content/StarterContent/Textures/T_Wood_Pine_N.uasset" 889
"../../../../BlackTurkey/Content/StarterContent/Materials/M_Wood_Pine.uasset" 890
"../../../../BlackTurkey/Content/StarterContent/Textures/T_Wood_Walnut_D.uasset" 891
"../../../../BlackTurkey/Content/StarterContent/Textures/T_Wood_Walnut_N.uasset" 892
"../../../../BlackTurkey/Content/StarterContent/Materials/M_Wood_Walnut.uasset" 893
"../../../../BlackTurkey/Content/StarterContent/Architecture/Wall_400x200.uasset" 894
"../../../../BlackTurkey/Content/StarterContent/Architecture/Wall_Door_400x300.uasset" 895
"../../../../BlackTurkey/Content/StarterContent/Architecture/Wall_Window_400x300.uasset" 896
"../../../../BlackTurkey/Content/StarterContent/Audio/Collapse_Cue.uasset" 897
"../../../../BlackTurkey/Content/StarterContent/Audio/Starter_Music_Cue.uasset" 898
"../../../../BlackTurkey/Content/StarterContent/Textures/T_Dust_Particle_D.uasset" 899
"../../../../BlackTurkey/Content/StarterContent/Particles/Materials/M_Dust_Particle.uasset" 900
"../../../../BlackTurkey/Content/StarterContent/Particles/P_Ambient_Dust.uasset" 901
"../../../../BlackTurkey/Content/StarterContent/Props/MaterialSphere.uasset" 902
"../../../../BlackTurkey/Content/StarterContent/Textures/T_Frame_M.uasset" 903
"../../../../BlackTurkey/Content/StarterContent/Textures/T_Frame_N.uasset" 904
"../../../../BlackTurkey/Content/StarterContent/Props/Materials/M_Frame.uasset" 905
"../../../../BlackTurkey/Content/StarterContent/Props/SM_CornerFrame.uasset" 906
"../../../../BlackTurkey/Content/StarterContent/Props/SM_DoorFrame.uasset" 907
"../../../../BlackTurkey/Content/StarterContent/Props/SM_GlassWindow.uasset" 908
"../../../../BlackTurkey/Content/StarterContent/Props/SM_PillarFrame.uasset" 909
"../../../../BlackTurkey/Content/StarterContent/Props/SM_PillarFrame300.uasset" 910
"../../../../BlackTurkey/Content/StarterContent/Props/SM_WindowFrame.uasset" 911
"../../../../BlackTurkey/Content/StarterContent/Shapes/Shape_Cube.uasset" 912
"../../../../BlackTurkey/Content/StarterContent/Shapes/Shape_QuadPyramid.uasset" 913
"../../../../BlackTurkey/Content/StarterContent/Shapes/Shape_Sphere.uasset" 914
"../../../../BlackTurkey/Content/StarterContent/Maps/StarterMap.umap" 915
"../../../../BlackTurkey/Content/ThirdPersonBP/Maps/ThirdPersonExampleMap_BuiltData.uasset" 916
"../../../../BlackTurkey/Content/Geometry/Meshes/CubeMaterial.uasset" 917
"../../../../BlackTurkey/Content/Geometry/Meshes/1M_Cube.uasset" 918
"../../../../BlackTurkey/Content/Geometry/Meshes/1M_Cube_Chamfer.uasset" 919
"../../../../BlackTurkey/Content/Geometry/Meshes/TemplateFloor.uasset" 920
"../../../../BlackTurkey/Content/ThirdPerson/Meshes/RampMaterial.uasset" 921
"../../../../BlackTurkey/Content/ThirdPerson/Meshes/Bump_StaticMesh.uasset" 922
"../../../../BlackTurkey/Content/ThirdPerson/Meshes/LeftArm_StaticMesh.uasset" 923
"../../../../BlackTurkey/Content/ThirdPerson/Meshes/Linear_Stair_StaticMesh.uasset" 924
"../../../../BlackTurkey/Content/ThirdPerson/Meshes/Ramp_StaticMesh.uasset" 925
"../../../../BlackTurkey/Content/ThirdPerson/Meshes/RightArm_StaticMesh.uasset" 926
"../../../../BlackTurkey/Content/ThirdPersonBP/Maps/ThirdPersonExampleMap.umap" 927
"../../../Engine/Content/Maps/Entry.umap" 928
